  [1m[35m (900.3ms)[0m  [1m[35mCREATE DATABASE "pizza-delivery_development" ENCODING = 'unicode'[0m
  ↳ bin/rails:9
  [1m[35m (676.9ms)[0m  [1m[35mCREATE DATABASE "pizza-delivery_test" ENCODING = 'unicode'[0m
  ↳ bin/rails:9
Started GET "/" for ::1 at 2020-04-22 20:39:46 +0500
Processing by Rails::WelcomeController#index as HTML
  Rendering /home/awais/.rvm/gems/ruby-2.5.3/gems/railties-5.2.4.2/lib/rails/templates/rails/welcome/index.html.erb
  Rendered /home/awais/.rvm/gems/ruby-2.5.3/gems/railties-5.2.4.2/lib/rails/templates/rails/welcome/index.html.erb (1.7ms)
Completed 200 OK in 4ms (Views: 3.5ms | ActiveRecord: 0.0ms)


  [1m[35m (96.8ms)[0m  [1m[35mCREATE TABLE "schema_migrations" ("version" character varying NOT NULL PRIMARY KEY)[0m
  ↳ bin/rails:9
  [1m[35m (93.4ms)[0m  [1m[35mCREATE TABLE "ar_internal_metadata" ("key" character varying NOT NULL PRIMARY KEY, "value" character varying, "created_at" timestamp NOT NULL, "updated_at" timestamp NOT NULL)[0m
  ↳ bin/rails:9
  [1m[35m (0.9ms)[0m  [1m[34mSELECT pg_try_advisory_lock(651486160357587450)[0m
  ↳ bin/rails:9
  [1m[35m (1.3ms)[0m  [1m[34mSELECT "schema_migrations"."version" FROM "schema_migrations" ORDER BY "schema_migrations"."version" ASC[0m
  ↳ bin/rails:9
Migrating to CreateProducts (20200422164246)
  [1m[35m (0.4ms)[0m  [1m[35mBEGIN[0m
  ↳ bin/rails:9
  [1m[35m (81.3ms)[0m  [1m[35mCREATE TABLE "products" ("id" bigserial primary key, "name" character varying, "description" text, "image" character varying, "created_at" timestamp NOT NULL, "updated_at" timestamp NOT NULL)[0m
  ↳ db/migrate/20200422164246_create_products.rb:3
  [1m[36mActiveRecord::SchemaMigration Create (0.4ms)[0m  [1m[32mINSERT INTO "schema_migrations" ("version") VALUES ($1) RETURNING "version"[0m  [["version", "20200422164246"]]
  ↳ bin/rails:9
  [1m[35m (14.7ms)[0m  [1m[35mCOMMIT[0m
  ↳ bin/rails:9
Migrating to CreateTypes (20200422164510)
  [1m[35m (0.1ms)[0m  [1m[35mBEGIN[0m
  ↳ bin/rails:9
  [1m[35m (93.6ms)[0m  [1m[35mCREATE TABLE "types" ("id" bigserial primary key, "name" character varying, "amount" integer, "product_id" bigint, "created_at" timestamp NOT NULL, "updated_at" timestamp NOT NULL, CONSTRAINT "fk_rails_89ba8cdf2d"
FOREIGN KEY ("product_id")
  REFERENCES "products" ("id")
)[0m
  ↳ db/migrate/20200422164510_create_types.rb:3
  [1m[35m (53.6ms)[0m  [1m[35mCREATE  INDEX  "index_types_on_product_id" ON "types"  ("product_id")[0m
  ↳ db/migrate/20200422164510_create_types.rb:3
  [1m[36mActiveRecord::SchemaMigration Create (1.1ms)[0m  [1m[32mINSERT INTO "schema_migrations" ("version") VALUES ($1) RETURNING "version"[0m  [["version", "20200422164510"]]
  ↳ bin/rails:9
  [1m[35m (22.4ms)[0m  [1m[35mCOMMIT[0m
  ↳ bin/rails:9
  [1m[36mActiveRecord::InternalMetadata Load (1.2ms)[0m  [1m[34mSELECT  "ar_internal_metadata".* FROM "ar_internal_metadata" WHERE "ar_internal_metadata"."key" = $1 LIMIT $2[0m  [["key", "environment"], ["LIMIT", 1]]
  ↳ bin/rails:9
  [1m[35m (0.5ms)[0m  [1m[35mBEGIN[0m
  ↳ bin/rails:9
  [1m[36mActiveRecord::InternalMetadata Create (0.8ms)[0m  [1m[32mINSERT INTO "ar_internal_metadata" ("key", "value", "created_at", "updated_at") VALUES ($1, $2, $3, $4) RETURNING "key"[0m  [["key", "environment"], ["value", "development"], ["created_at", "2020-04-22 16:45:20.949129"], ["updated_at", "2020-04-22 16:45:20.949129"]]
  ↳ bin/rails:9
  [1m[35m (3.5ms)[0m  [1m[35mCOMMIT[0m
  ↳ bin/rails:9
  [1m[35m (0.5ms)[0m  [1m[34mSELECT pg_advisory_unlock(651486160357587450)[0m
  ↳ bin/rails:9
  [1m[35m (0.3ms)[0m  [1m[34mSELECT "schema_migrations"."version" FROM "schema_migrations" ORDER BY "schema_migrations"."version" ASC[0m
  ↳ bin/rails:9
Started GET "/api/v1/products" for ::1 at 2020-04-22 21:46:25 +0500
  
NoMethodError (undefined method `api_version' for #<ActionDispatch::Routing::Mapper:0x00007f86f44705e0>):
  
config/routes.rb:2:in `block in <top (required)>'
config/routes.rb:1:in `<top (required)>'
Started GET "/v1/products" for ::1 at 2020-04-22 21:46:36 +0500
  [1m[35m (0.4ms)[0m  [1m[34mSELECT "schema_migrations"."version" FROM "schema_migrations" ORDER BY "schema_migrations"."version" ASC[0m
  ↳ /home/awais/.rvm/gems/ruby-2.5.3/gems/activerecord-5.2.4.2/lib/active_record/log_subscriber.rb:98
  
ActionController::RoutingError (No route matches [GET] "/v1/products"):
  
actionpack (5.2.4.2) lib/action_dispatch/middleware/debug_exceptions.rb:65:in `call'
actionpack (5.2.4.2) lib/action_dispatch/middleware/show_exceptions.rb:33:in `call'
railties (5.2.4.2) lib/rails/rack/logger.rb:38:in `call_app'
railties (5.2.4.2) lib/rails/rack/logger.rb:26:in `block in call'
activesupport (5.2.4.2) lib/active_support/tagged_logging.rb:71:in `block in tagged'
activesupport (5.2.4.2) lib/active_support/tagged_logging.rb:28:in `tagged'
activesupport (5.2.4.2) lib/active_support/tagged_logging.rb:71:in `tagged'
railties (5.2.4.2) lib/rails/rack/logger.rb:26:in `call'
actionpack (5.2.4.2) lib/action_dispatch/middleware/remote_ip.rb:81:in `call'
actionpack (5.2.4.2) lib/action_dispatch/middleware/request_id.rb:27:in `call'
rack (2.2.2) lib/rack/runtime.rb:22:in `call'
activesupport (5.2.4.2) lib/active_support/cache/strategy/local_cache_middleware.rb:29:in `call'
actionpack (5.2.4.2) lib/action_dispatch/middleware/executor.rb:14:in `call'
actionpack (5.2.4.2) lib/action_dispatch/middleware/static.rb:127:in `call'
rack (2.2.2) lib/rack/sendfile.rb:110:in `call'
railties (5.2.4.2) lib/rails/engine.rb:524:in `call'
puma (3.12.4) lib/puma/configuration.rb:227:in `call'
puma (3.12.4) lib/puma/server.rb:675:in `handle_request'
puma (3.12.4) lib/puma/server.rb:476:in `process_client'
puma (3.12.4) lib/puma/server.rb:334:in `block in run'
puma (3.12.4) lib/puma/thread_pool.rb:135:in `block in spawn_thread'
Started GET "/v1/products" for ::1 at 2020-04-22 21:55:00 +0500
  
NoMethodError (undefined method `api_version' for #<ActionDispatch::Routing::Mapper:0x00007f870c100960>):
  
config/routes.rb:2:in `block in <top (required)>'
config/routes.rb:1:in `<top (required)>'
Started GET "/favicon.ico" for ::1 at 2020-04-22 21:55:00 +0500
  
ActionController::RoutingError (No route matches [GET] "/favicon.ico"):
  
actionpack (5.2.4.2) lib/action_dispatch/middleware/debug_exceptions.rb:65:in `call'
actionpack (5.2.4.2) lib/action_dispatch/middleware/show_exceptions.rb:33:in `call'
railties (5.2.4.2) lib/rails/rack/logger.rb:38:in `call_app'
railties (5.2.4.2) lib/rails/rack/logger.rb:26:in `block in call'
activesupport (5.2.4.2) lib/active_support/tagged_logging.rb:71:in `block in tagged'
activesupport (5.2.4.2) lib/active_support/tagged_logging.rb:28:in `tagged'
activesupport (5.2.4.2) lib/active_support/tagged_logging.rb:71:in `tagged'
railties (5.2.4.2) lib/rails/rack/logger.rb:26:in `call'
actionpack (5.2.4.2) lib/action_dispatch/middleware/remote_ip.rb:81:in `call'
actionpack (5.2.4.2) lib/action_dispatch/middleware/request_id.rb:27:in `call'
rack (2.2.2) lib/rack/runtime.rb:22:in `call'
activesupport (5.2.4.2) lib/active_support/cache/strategy/local_cache_middleware.rb:29:in `call'
actionpack (5.2.4.2) lib/action_dispatch/middleware/executor.rb:14:in `call'
actionpack (5.2.4.2) lib/action_dispatch/middleware/static.rb:127:in `call'
rack (2.2.2) lib/rack/sendfile.rb:110:in `call'
railties (5.2.4.2) lib/rails/engine.rb:524:in `call'
puma (3.12.4) lib/puma/configuration.rb:227:in `call'
puma (3.12.4) lib/puma/server.rb:675:in `handle_request'
puma (3.12.4) lib/puma/server.rb:476:in `process_client'
puma (3.12.4) lib/puma/server.rb:334:in `block in run'
puma (3.12.4) lib/puma/thread_pool.rb:135:in `block in spawn_thread'
Started GET "/v1/products" for ::1 at 2020-04-22 21:55:25 +0500
  
NoMethodError (undefined method `api_version' for #<ActionDispatch::Routing::Mapper:0x00007f870c1697f8>):
  
config/routes.rb:6:in `block in <top (required)>'
config/routes.rb:1:in `<top (required)>'
Started GET "/v1/products" for ::1 at 2020-04-22 21:56:31 +0500
  
NoMethodError (undefined method `api_version' for #<ActionDispatch::Routing::Mapper:0x00007f870c1efab0>):
  
config/routes.rb:2:in `block in <top (required)>'
config/routes.rb:1:in `<top (required)>'
Started GET "/" for ::1 at 2020-04-22 21:57:19 +0500
  
ActionController::RoutingError (No route matches [GET] "/"):
  
actionpack (5.2.4.2) lib/action_dispatch/middleware/debug_exceptions.rb:65:in `call'
actionpack (5.2.4.2) lib/action_dispatch/middleware/show_exceptions.rb:33:in `call'
railties (5.2.4.2) lib/rails/rack/logger.rb:38:in `call_app'
railties (5.2.4.2) lib/rails/rack/logger.rb:26:in `block in call'
activesupport (5.2.4.2) lib/active_support/tagged_logging.rb:71:in `block in tagged'
activesupport (5.2.4.2) lib/active_support/tagged_logging.rb:28:in `tagged'
activesupport (5.2.4.2) lib/active_support/tagged_logging.rb:71:in `tagged'
railties (5.2.4.2) lib/rails/rack/logger.rb:26:in `call'
actionpack (5.2.4.2) lib/action_dispatch/middleware/remote_ip.rb:81:in `call'
actionpack (5.2.4.2) lib/action_dispatch/middleware/request_id.rb:27:in `call'
rack (2.2.2) lib/rack/runtime.rb:22:in `call'
activesupport (5.2.4.2) lib/active_support/cache/strategy/local_cache_middleware.rb:29:in `call'
actionpack (5.2.4.2) lib/action_dispatch/middleware/executor.rb:14:in `call'
actionpack (5.2.4.2) lib/action_dispatch/middleware/static.rb:127:in `call'
rack (2.2.2) lib/rack/sendfile.rb:110:in `call'
railties (5.2.4.2) lib/rails/engine.rb:524:in `call'
puma (3.12.4) lib/puma/configuration.rb:227:in `call'
puma (3.12.4) lib/puma/server.rb:675:in `handle_request'
puma (3.12.4) lib/puma/server.rb:476:in `process_client'
puma (3.12.4) lib/puma/server.rb:334:in `block in run'
puma (3.12.4) lib/puma/thread_pool.rb:135:in `block in spawn_thread'
Started GET "/" for ::1 at 2020-04-22 22:01:24 +0500
  
NoMethodError (undefined method `api_version' for #<ActionDispatch::Routing::Mapper:0x00007f870c0fe7f0>):
  
config/routes.rb:4:in `block in <top (required)>'
config/routes.rb:1:in `<top (required)>'
Started GET "/" for ::1 at 2020-04-22 22:01:29 +0500
  
NoMethodError (undefined method `api_version' for #<ActionDispatch::Routing::Mapper:0x0000000002b0f958>):
  
config/routes.rb:2:in `block in <top (required)>'
config/routes.rb:1:in `<top (required)>'
Started GET "/" for ::1 at 2020-04-22 22:03:41 +0500
  [1m[35m (0.7ms)[0m  [1m[34mSELECT "schema_migrations"."version" FROM "schema_migrations" ORDER BY "schema_migrations"."version" ASC[0m
  ↳ /home/awais/.rvm/gems/ruby-2.5.3/gems/activerecord-5.2.4.2/lib/active_record/log_subscriber.rb:98
Processing by Rails::WelcomeController#index as HTML
  Rendering /home/awais/.rvm/gems/ruby-2.5.3/gems/railties-5.2.4.2/lib/rails/templates/rails/welcome/index.html.erb
  Rendered /home/awais/.rvm/gems/ruby-2.5.3/gems/railties-5.2.4.2/lib/rails/templates/rails/welcome/index.html.erb (2.9ms)
Completed 200 OK in 6ms (Views: 4.9ms | ActiveRecord: 0.0ms)


Started GET "/v1/products" for ::1 at 2020-04-22 22:03:49 +0500
Processing by V1::ProductsController#index as HTML
  [1m[36mProduct Load (0.5ms)[0m  [1m[34mSELECT "products".* FROM "products"[0m
  ↳ app/controllers/v1/products_controller.rb:4
Completed 200 OK in 5ms (Views: 1.7ms | ActiveRecord: 1.8ms)


Started GET "/v1/products" for ::1 at 2020-04-22 22:05:52 +0500
Processing by V1::ProductsController#index as HTML
  [1m[36mProduct Load (0.3ms)[0m  [1m[34mSELECT "products".* FROM "products"[0m
  ↳ app/controllers/v1/products_controller.rb:5
Completed 200 OK in 6ms (Views: 1.7ms | ActiveRecord: 1.9ms)


Started GET "/v1/products" for ::1 at 2020-04-22 22:10:26 +0500
Processing by V1::ProductsController#index as HTML
  [1m[36mProduct Load (0.3ms)[0m  [1m[34mSELECT "products".* FROM "products"[0m
  ↳ app/controllers/v1/products_controller.rb:5
Completed 200 OK in 5ms (Views: 1.3ms | ActiveRecord: 1.6ms)


Started GET "/v1/types" for ::1 at 2020-04-22 22:10:29 +0500
Processing by V1::TypesController#index as HTML
  [1m[36mType Load (0.7ms)[0m  [1m[34mSELECT "types".* FROM "types"[0m
  ↳ app/controllers/v1/types_controller.rb:5
Completed 200 OK in 10ms (Views: 2.8ms | ActiveRecord: 2.5ms)


Started GET "/v1/products" for ::1 at 2020-04-22 22:12:12 +0500
Processing by V1::ProductsController#index as HTML
  [1m[36mProduct Load (1.1ms)[0m  [1m[34mSELECT "products".* FROM "products"[0m
  ↳ app/controllers/v1/products_controller.rb:5
Completed 200 OK in 10ms (Views: 7.7ms | ActiveRecord: 1.1ms)


Started GET "/v1/products" for ::1 at 2020-04-22 22:12:20 +0500
Processing by V1::ProductsController#index as */*
  [1m[36mProduct Load (0.7ms)[0m  [1m[34mSELECT "products".* FROM "products"[0m
  ↳ app/controllers/v1/products_controller.rb:5
Completed 200 OK in 2ms (Views: 0.8ms | ActiveRecord: 0.7ms)


Started POST "/v1/products" for ::1 at 2020-04-22 22:19:34 +0500
Processing by V1::ProductsController#create as */*
  Parameters: {"name"=>"Chicken Tikka", "description"=>"A specially developed recipe for Pakistan topped with spicy chicken tikka & onions.", "image"=>"https://ph-web-bucket.storage.googleapis.com/img/products/images/110-1584432910-chicken-tikka.jpg", "product"=>{"name"=>"Chicken Tikka", "description"=>"A specially developed recipe for Pakistan topped with spicy chicken tikka & onions.", "image"=>"https://ph-web-bucket.storage.googleapis.com/img/products/images/110-1584432910-chicken-tikka.jpg"}}
  [1m[35m (0.2ms)[0m  [1m[35mBEGIN[0m
  ↳ app/controllers/v1/products_controller.rb:11
  [1m[36mProduct Create (0.6ms)[0m  [1m[32mINSERT INTO "products" ("name", "description", "image", "created_at", "updated_at") VALUES ($1, $2, $3, $4, $5) RETURNING "id"[0m  [["name", "Chicken Tikka"], ["description", "A specially developed recipe for Pakistan topped with spicy chicken tikka & onions."], ["image", "https://ph-web-bucket.storage.googleapis.com/img/products/images/110-1584432910-chicken-tikka.jpg"], ["created_at", "2020-04-22 17:19:34.181121"], ["updated_at", "2020-04-22 17:19:34.181121"]]
  ↳ app/controllers/v1/products_controller.rb:11
  [1m[35m (25.0ms)[0m  [1m[35mCOMMIT[0m
  ↳ app/controllers/v1/products_controller.rb:11
Completed 201 Created in 37ms (Views: 0.4ms | ActiveRecord: 27.8ms)


Started POST "/v1/products" for ::1 at 2020-04-22 22:20:06 +0500
Processing by V1::ProductsController#create as */*
  Parameters: {"name"=>"Chicken Fajita", "description"=>"Special marinated chicken, onions, green peppers with special herbs and spices.", "image"=>"https://ph-web-bucket.storage.googleapis.com/img/products/images/130-1584448058-Chicken-Fajita.jpg", "product"=>{"name"=>"Chicken Fajita", "description"=>"Special marinated chicken, onions, green peppers with special herbs and spices.", "image"=>"https://ph-web-bucket.storage.googleapis.com/img/products/images/130-1584448058-Chicken-Fajita.jpg"}}
  [1m[35m (0.1ms)[0m  [1m[35mBEGIN[0m
  ↳ app/controllers/v1/products_controller.rb:11
  [1m[36mProduct Create (0.2ms)[0m  [1m[32mINSERT INTO "products" ("name", "description", "image", "created_at", "updated_at") VALUES ($1, $2, $3, $4, $5) RETURNING "id"[0m  [["name", "Chicken Fajita"], ["description", "Special marinated chicken, onions, green peppers with special herbs and spices."], ["image", "https://ph-web-bucket.storage.googleapis.com/img/products/images/130-1584448058-Chicken-Fajita.jpg"], ["created_at", "2020-04-22 17:20:06.116475"], ["updated_at", "2020-04-22 17:20:06.116475"]]
  ↳ app/controllers/v1/products_controller.rb:11
  [1m[35m (49.7ms)[0m  [1m[35mCOMMIT[0m
  ↳ app/controllers/v1/products_controller.rb:11
Completed 201 Created in 52ms (Views: 0.4ms | ActiveRecord: 50.0ms)


Started POST "/v1/products" for ::1 at 2020-04-22 22:20:32 +0500
Processing by V1::ProductsController#create as */*
  Parameters: {"name"=>"Cheese Lover", "description"=>"Go back to where it all began with classic mozzarella cheese & tomato base.", "image"=>"https://ph-web-bucket.storage.googleapis.com/img/products/images/142-1584005093-Cheese-Lover.jpg", "product"=>{"name"=>"Cheese Lover", "description"=>"Go back to where it all began with classic mozzarella cheese & tomato base.", "image"=>"https://ph-web-bucket.storage.googleapis.com/img/products/images/142-1584005093-Cheese-Lover.jpg"}}
  [1m[35m (0.1ms)[0m  [1m[35mBEGIN[0m
  ↳ app/controllers/v1/products_controller.rb:11
  [1m[36mProduct Create (0.2ms)[0m  [1m[32mINSERT INTO "products" ("name", "description", "image", "created_at", "updated_at") VALUES ($1, $2, $3, $4, $5) RETURNING "id"[0m  [["name", "Cheese Lover"], ["description", "Go back to where it all began with classic mozzarella cheese & tomato base."], ["image", "https://ph-web-bucket.storage.googleapis.com/img/products/images/142-1584005093-Cheese-Lover.jpg"], ["created_at", "2020-04-22 17:20:32.479675"], ["updated_at", "2020-04-22 17:20:32.479675"]]
  ↳ app/controllers/v1/products_controller.rb:11
  [1m[35m (50.8ms)[0m  [1m[35mCOMMIT[0m
  ↳ app/controllers/v1/products_controller.rb:11
Completed 201 Created in 54ms (Views: 0.9ms | ActiveRecord: 51.2ms)


Started GET "/v1/products" for ::1 at 2020-04-22 22:21:38 +0500
Processing by V1::ProductsController#index as HTML
  [1m[36mProduct Load (3.3ms)[0m  [1m[34mSELECT "products".* FROM "products"[0m
  ↳ app/controllers/v1/products_controller.rb:5
Completed 200 OK in 47ms (Views: 42.7ms | ActiveRecord: 3.3ms)


Started POST "/v1/products" for ::1 at 2020-04-22 22:22:00 +0500
Processing by V1::ProductsController#create as */*
  Parameters: {"name"=>"Very Veggie", "description"=>"A colorful medley of tomatoes, onions, mushrooms, black olives, and green peppers.", "image"=>"https://ph-web-bucket.storage.googleapis.com/img/products/images/15-1584447916-Very-Veggie.jpg", "product"=>{"name"=>"Very Veggie", "description"=>"A colorful medley of tomatoes, onions, mushrooms, black olives, and green peppers.", "image"=>"https://ph-web-bucket.storage.googleapis.com/img/products/images/15-1584447916-Very-Veggie.jpg"}}
  [1m[35m (0.1ms)[0m  [1m[35mBEGIN[0m
  ↳ app/controllers/v1/products_controller.rb:11
  [1m[36mProduct Create (0.3ms)[0m  [1m[32mINSERT INTO "products" ("name", "description", "image", "created_at", "updated_at") VALUES ($1, $2, $3, $4, $5) RETURNING "id"[0m  [["name", "Very Veggie"], ["description", "A colorful medley of tomatoes, onions, mushrooms, black olives, and green peppers."], ["image", "https://ph-web-bucket.storage.googleapis.com/img/products/images/15-1584447916-Very-Veggie.jpg"], ["created_at", "2020-04-22 17:22:00.947242"], ["updated_at", "2020-04-22 17:22:00.947242"]]
  ↳ app/controllers/v1/products_controller.rb:11
  [1m[35m (56.2ms)[0m  [1m[35mCOMMIT[0m
  ↳ app/controllers/v1/products_controller.rb:11
Completed 201 Created in 59ms (Views: 0.4ms | ActiveRecord: 56.6ms)


Started POST "/v1/products" for ::1 at 2020-04-22 22:22:37 +0500
Processing by V1::ProductsController#create as */*
  Parameters: {"name"=>"Chicken Tikka Supreme", "description"=>"Our world-famous flavor made even better with diced tomatoes and creamy ranch sauce.", "image"=>"https://ph-web-bucket.storage.googleapis.com/img/products/images/101-1584448009-Chicken-Tikka-Supreme.jpg", "product"=>{"name"=>"Chicken Tikka Supreme", "description"=>"Our world-famous flavor made even better with diced tomatoes and creamy ranch sauce.", "image"=>"https://ph-web-bucket.storage.googleapis.com/img/products/images/101-1584448009-Chicken-Tikka-Supreme.jpg"}}
  [1m[35m (0.1ms)[0m  [1m[35mBEGIN[0m
  ↳ app/controllers/v1/products_controller.rb:11
  [1m[36mProduct Create (0.2ms)[0m  [1m[32mINSERT INTO "products" ("name", "description", "image", "created_at", "updated_at") VALUES ($1, $2, $3, $4, $5) RETURNING "id"[0m  [["name", "Chicken Tikka Supreme"], ["description", "Our world-famous flavor made even better with diced tomatoes and creamy ranch sauce."], ["image", "https://ph-web-bucket.storage.googleapis.com/img/products/images/101-1584448009-Chicken-Tikka-Supreme.jpg"], ["created_at", "2020-04-22 17:22:37.093142"], ["updated_at", "2020-04-22 17:22:37.093142"]]
  ↳ app/controllers/v1/products_controller.rb:11
  [1m[35m (30.2ms)[0m  [1m[35mCOMMIT[0m
  ↳ app/controllers/v1/products_controller.rb:11
Completed 201 Created in 34ms (Views: 0.8ms | ActiveRecord: 30.5ms)


Started POST "/v1/products" for ::1 at 2020-04-22 22:23:06 +0500
Processing by V1::ProductsController#create as */*
  Parameters: {"name"=>"Chicken Fajita Supreme", "description"=>"Scrumptious pieces of fajita chicken, fresh vegetables and lots of cheese.", "image"=>"https://ph-web-bucket.storage.googleapis.com/img/products/images/121-1584448034-Chicken-Fajita-Surpeme.jpg", "product"=>{"name"=>"Chicken Fajita Supreme", "description"=>"Scrumptious pieces of fajita chicken, fresh vegetables and lots of cheese.", "image"=>"https://ph-web-bucket.storage.googleapis.com/img/products/images/121-1584448034-Chicken-Fajita-Surpeme.jpg"}}
  [1m[35m (0.1ms)[0m  [1m[35mBEGIN[0m
  ↳ app/controllers/v1/products_controller.rb:11
  [1m[36mProduct Create (0.3ms)[0m  [1m[32mINSERT INTO "products" ("name", "description", "image", "created_at", "updated_at") VALUES ($1, $2, $3, $4, $5) RETURNING "id"[0m  [["name", "Chicken Fajita Supreme"], ["description", "Scrumptious pieces of fajita chicken, fresh vegetables and lots of cheese."], ["image", "https://ph-web-bucket.storage.googleapis.com/img/products/images/121-1584448034-Chicken-Fajita-Surpeme.jpg"], ["created_at", "2020-04-22 17:23:06.538081"], ["updated_at", "2020-04-22 17:23:06.538081"]]
  ↳ app/controllers/v1/products_controller.rb:11
  [1m[35m (39.3ms)[0m  [1m[35mCOMMIT[0m
  ↳ app/controllers/v1/products_controller.rb:11
Completed 201 Created in 42ms (Views: 0.7ms | ActiveRecord: 39.7ms)


Started POST "/v1/products" for ::1 at 2020-04-22 22:23:49 +0500
Processing by V1::ProductsController#create as */*
  Parameters: {"name"=>"Chilli Chicken", "description"=>"Fire up your taste buds with spicy chicken chunks, onions, olives, jalapenos and hot peri sauce.", "image"=>"https://ph-web-bucket.storage.googleapis.com/img/products/images/92-1584447986-Chilli-Chicken.jpg", "product"=>{"name"=>"Chilli Chicken", "description"=>"Fire up your taste buds with spicy chicken chunks, onions, olives, jalapenos and hot peri sauce.", "image"=>"https://ph-web-bucket.storage.googleapis.com/img/products/images/92-1584447986-Chilli-Chicken.jpg"}}
  [1m[35m (0.2ms)[0m  [1m[35mBEGIN[0m
  ↳ app/controllers/v1/products_controller.rb:11
  [1m[36mProduct Create (1.3ms)[0m  [1m[32mINSERT INTO "products" ("name", "description", "image", "created_at", "updated_at") VALUES ($1, $2, $3, $4, $5) RETURNING "id"[0m  [["name", "Chilli Chicken"], ["description", "Fire up your taste buds with spicy chicken chunks, onions, olives, jalapenos and hot peri sauce."], ["image", "https://ph-web-bucket.storage.googleapis.com/img/products/images/92-1584447986-Chilli-Chicken.jpg"], ["created_at", "2020-04-22 17:23:49.119895"], ["updated_at", "2020-04-22 17:23:49.119895"]]
  ↳ app/controllers/v1/products_controller.rb:11
  [1m[35m (66.5ms)[0m  [1m[35mCOMMIT[0m
  ↳ app/controllers/v1/products_controller.rb:11
Completed 201 Created in 72ms (Views: 1.0ms | ActiveRecord: 68.0ms)


Started POST "/v1/products" for ::1 at 2020-04-22 22:24:19 +0500
Processing by V1::ProductsController#create as */*
  Parameters: {"name"=>"Creamy Melt", "description"=>"Creamy goodness with spicy chicken chunks, onions and bell pepper for your taste buds.", "image"=>"https://ph-web-bucket.storage.googleapis.com/img/products/images/73-1584103352-Creamy-Melt.jpg", "product"=>{"name"=>"Creamy Melt", "description"=>"Creamy goodness with spicy chicken chunks, onions and bell pepper for your taste buds.", "image"=>"https://ph-web-bucket.storage.googleapis.com/img/products/images/73-1584103352-Creamy-Melt.jpg"}}
  [1m[35m (0.1ms)[0m  [1m[35mBEGIN[0m
  ↳ app/controllers/v1/products_controller.rb:11
  [1m[36mProduct Create (0.3ms)[0m  [1m[32mINSERT INTO "products" ("name", "description", "image", "created_at", "updated_at") VALUES ($1, $2, $3, $4, $5) RETURNING "id"[0m  [["name", "Creamy Melt"], ["description", "Creamy goodness with spicy chicken chunks, onions and bell pepper for your taste buds."], ["image", "https://ph-web-bucket.storage.googleapis.com/img/products/images/73-1584103352-Creamy-Melt.jpg"], ["created_at", "2020-04-22 17:24:19.626570"], ["updated_at", "2020-04-22 17:24:19.626570"]]
  ↳ app/controllers/v1/products_controller.rb:11
  [1m[35m (55.1ms)[0m  [1m[35mCOMMIT[0m
  ↳ app/controllers/v1/products_controller.rb:11
Completed 201 Created in 58ms (Views: 0.5ms | ActiveRecord: 55.6ms)


Started POST "/v1/products" for ::1 at 2020-04-22 22:24:53 +0500
Processing by V1::ProductsController#create as */*
  Parameters: {"name"=>"Chicken Supreme", "description"=>"Spicy chicken, chicken fajita, smoked chicken, onions, green peppers, olives and mushrooms.", "image"=>"https://ph-web-bucket.storage.googleapis.com/img/products/images/151-1584103085-Chicken-Supreme.jpg", "product"=>{"name"=>"Chicken Supreme", "description"=>"Spicy chicken, chicken fajita, smoked chicken, onions, green peppers, olives and mushrooms.", "image"=>"https://ph-web-bucket.storage.googleapis.com/img/products/images/151-1584103085-Chicken-Supreme.jpg"}}
  [1m[35m (0.3ms)[0m  [1m[35mBEGIN[0m
  ↳ app/controllers/v1/products_controller.rb:11
  [1m[36mProduct Create (0.6ms)[0m  [1m[32mINSERT INTO "products" ("name", "description", "image", "created_at", "updated_at") VALUES ($1, $2, $3, $4, $5) RETURNING "id"[0m  [["name", "Chicken Supreme"], ["description", "Spicy chicken, chicken fajita, smoked chicken, onions, green peppers, olives and mushrooms."], ["image", "https://ph-web-bucket.storage.googleapis.com/img/products/images/151-1584103085-Chicken-Supreme.jpg"], ["created_at", "2020-04-22 17:24:53.376652"], ["updated_at", "2020-04-22 17:24:53.376652"]]
  ↳ app/controllers/v1/products_controller.rb:11
  [1m[35m (21.0ms)[0m  [1m[35mCOMMIT[0m
  ↳ app/controllers/v1/products_controller.rb:11
Completed 201 Created in 25ms (Views: 0.4ms | ActiveRecord: 21.9ms)


Started POST "/v1/products" for ::1 at 2020-04-22 22:25:30 +0500
Processing by V1::ProductsController#create as */*
  Parameters: {"name"=>"Super Sicilian", "description"=>"Tantalizing blend of spices with fajita chicken, onions, capsicum, jalapenos and fiery peri drizzle", "image"=>"https://ph-web-bucket.storage.googleapis.com/img/products/images/28-1584004666-Super-Sicilian.jpg", "product"=>{"name"=>"Super Sicilian", "description"=>"Tantalizing blend of spices with fajita chicken, onions, capsicum, jalapenos and fiery peri drizzle", "image"=>"https://ph-web-bucket.storage.googleapis.com/img/products/images/28-1584004666-Super-Sicilian.jpg"}}
  [1m[35m (0.1ms)[0m  [1m[35mBEGIN[0m
  ↳ app/controllers/v1/products_controller.rb:11
  [1m[36mProduct Create (0.3ms)[0m  [1m[32mINSERT INTO "products" ("name", "description", "image", "created_at", "updated_at") VALUES ($1, $2, $3, $4, $5) RETURNING "id"[0m  [["name", "Super Sicilian"], ["description", "Tantalizing blend of spices with fajita chicken, onions, capsicum, jalapenos and fiery peri drizzle"], ["image", "https://ph-web-bucket.storage.googleapis.com/img/products/images/28-1584004666-Super-Sicilian.jpg"], ["created_at", "2020-04-22 17:25:30.771655"], ["updated_at", "2020-04-22 17:25:30.771655"]]
  ↳ app/controllers/v1/products_controller.rb:11
  [1m[35m (44.2ms)[0m  [1m[35mCOMMIT[0m
  ↳ app/controllers/v1/products_controller.rb:11
Completed 201 Created in 47ms (Views: 0.3ms | ActiveRecord: 44.6ms)


Started GET "/v1/types" for ::1 at 2020-04-22 22:25:39 +0500
Processing by V1::TypesController#index as */*
  Parameters: {"name"=>"Super Sicilian", "description"=>"Tantalizing blend of spices with fajita chicken, onions, capsicum, jalapenos and fiery peri drizzle", "image"=>"https://ph-web-bucket.storage.googleapis.com/img/products/images/28-1584004666-Super-Sicilian.jpg", "type"=>{"name"=>"Super Sicilian"}}
  [1m[36mType Load (0.4ms)[0m  [1m[34mSELECT "types".* FROM "types"[0m
  ↳ app/controllers/v1/types_controller.rb:5
Completed 200 OK in 1ms (Views: 0.7ms | ActiveRecord: 0.4ms)


